[1] Puma starting in cluster mode...
[1] * Puma version: 8.0.1 ("Into the Arena")
[1] * Ruby version: ruby 4.0.5 (2026-05-20 revision 64336ffd0e) +YJIT +MN +PRISM [x86_64-linux]
[1] *  Min threads: 3
[1] *  Max threads: 3
[1] *  Environment: production
[1] *   Master PID: 1
[1] *      Workers: 62
[1] *     Restarts: (✔) hot (✖) phased (✖) refork
[1] * Preloading application
[1] * Listening on http://0.0.0.0:8080
[1] * Listening on ssl://0.0.0.0:8081?cert=/certs/server.crt&key=/certs/server.key
[1] Use Ctrl-C to stop
[1] ! WARNING: Detected `RUBY_MN_THREADS=1`
[1] ! This setting is known to cause performance regressions with Puma.
[1] ! Consider disabling this environment variable: https://github.com/puma/puma/issues/3720
[1] - Worker 0 (PID: 9) booted in 0.1s, phase: 0
[1] - Worker 1 (PID: 13) booted in 0.1s, phase: 0
[1] - Worker 2 (PID: 17) booted in 0.09s, phase: 0
[1] - Worker 3 (PID: 21) booted in 0.09s, phase: 0
[1] - Worker 4 (PID: 25) booted in 0.09s, phase: 0
[1] - Worker 5 (PID: 29) booted in 0.09s, phase: 0
[1] - Worker 6 (PID: 33) booted in 0.09s, phase: 0
[1] - Worker 7 (PID: 37) booted in 0.09s, phase: 0
[1] - Worker 8 (PID: 42) booted in 0.09s, phase: 0
[1] - Worker 9 (PID: 46) booted in 0.09s, phase: 0
[1] - Worker 10 (PID: 51) booted in 0.09s, phase: 0
[1] - Worker 11 (PID: 57) booted in 0.08s, phase: 0
[1] - Worker 12 (PID: 62) booted in 0.08s, phase: 0
[1] - Worker 13 (PID: 69) booted in 0.08s, phase: 0
[1] - Worker 14 (PID: 76) booted in 0.08s, phase: 0
[1] - Worker 15 (PID: 82) booted in 0.08s, phase: 0
[1] - Worker 16 (PID: 88) booted in 0.08s, phase: 0
[1] - Worker 17 (PID: 94) booted in 0.08s, phase: 0
[1] - Worker 18 (PID: 100) booted in 0.07s, phase: 0
[1] - Worker 19 (PID: 104) booted in 0.07s, phase: 0
[1] - Worker 20 (PID: 110) booted in 0.07s, phase: 0
[1] - Worker 21 (PID: 116) booted in 0.07s, phase: 0
[1] - Worker 22 (PID: 121) booted in 0.07s, phase: 0
[1] - Worker 23 (PID: 127) booted in 0.07s, phase: 0
[1] - Worker 24 (PID: 133) booted in 0.07s, phase: 0
[1] - Worker 25 (PID: 138) booted in 0.07s, phase: 0
[1] - Worker 26 (PID: 144) booted in 0.07s, phase: 0
[1] - Worker 27 (PID: 149) booted in 0.06s, phase: 0
[1] - Worker 28 (PID: 155) booted in 0.06s, phase: 0
[1] - Worker 29 (PID: 163) booted in 0.06s, phase: 0
[1] - Worker 30 (PID: 173) booted in 0.06s, phase: 0
[1] - Worker 31 (PID: 178) booted in 0.06s, phase: 0
[1] - Worker 32 (PID: 184) booted in 0.06s, phase: 0
[1] - Worker 33 (PID: 190) booted in 0.06s, phase: 0
[1] - Worker 34 (PID: 195) booted in 0.05s, phase: 0
[1] - Worker 35 (PID: 201) booted in 0.05s, phase: 0
[1] - Worker 36 (PID: 206) booted in 0.05s, phase: 0
[1] - Worker 37 (PID: 211) booted in 0.05s, phase: 0
[1] - Worker 38 (PID: 216) booted in 0.05s, phase: 0
[1] - Worker 39 (PID: 222) booted in 0.05s, phase: 0
[1] - Worker 40 (PID: 228) booted in 0.05s, phase: 0
[1] - Worker 41 (PID: 234) booted in 0.05s, phase: 0
[1] - Worker 42 (PID: 239) booted in 0.05s, phase: 0
[1] - Worker 43 (PID: 244) booted in 0.04s, phase: 0
[1] - Worker 44 (PID: 250) booted in 0.04s, phase: 0
[1] - Worker 45 (PID: 255) booted in 0.04s, phase: 0
[1] - Worker 46 (PID: 259) booted in 0.04s, phase: 0
[1] - Worker 47 (PID: 266) booted in 0.04s, phase: 0
[1] - Worker 48 (PID: 272) booted in 0.04s, phase: 0
[1] - Worker 49 (PID: 278) booted in 0.04s, phase: 0
[1] - Worker 50 (PID: 284) booted in 0.04s, phase: 0
[1] - Worker 51 (PID: 290) booted in 0.03s, phase: 0
[1] - Worker 52 (PID: 296) booted in 0.03s, phase: 0
[1] - Worker 53 (PID: 302) booted in 0.03s, phase: 0
[1] - Worker 54 (PID: 309) booted in 0.03s, phase: 0
[1] - Worker 55 (PID: 315) booted in 0.03s, phase: 0
[1] - Worker 56 (PID: 320) booted in 0.03s, phase: 0
[1] - Worker 57 (PID: 327) booted in 0.03s, phase: 0
[1] - Worker 58 (PID: 332) booted in 0.03s, phase: 0
[1] - Worker 59 (PID: 339) booted in 0.02s, phase: 0
[1] - Worker 60 (PID: 344) booted in 0.02s, phase: 0
[1] - Worker 61 (PID: 350) booted in 0.02s, phase: 0
